<?xml version="1.0" encoding="UTF-8"?>
<!-- Generated by org.testng.reporters.JUnitReportReporter -->
<testsuite hostname="Magic" failures="0" tests="1" name="com.TestNG.Practice.NewTestPractice" time="0.000" errors="0" timestamp="2023-08-07T16:07:44 IST" skipped="0">
  <testcase classname="com.TestNG.Practice.NewTestPractice" name="methodForTestNG2" time="0.000"/>
</testsuite> <!-- com.TestNG.Practice.NewTestPractice -->
