<?xml version="1.0" encoding="UTF-8"?>
<!-- Generated by org.testng.reporters.JUnitReportReporter -->
<testsuite hostname="Magic" failures="0" tests="6" name="com.TestNG.Practice.FetchData" time="0.008" errors="0" timestamp="2023-08-04T14:53:46 IST" skipped="0">
  <testcase classname="com.TestNG.Practice.FetchData" name="fetchingData" time="0.001"/>
  <testcase classname="com.TestNG.Practice.FetchData" name="fetchingData" time="0.001"/>
  <testcase classname="com.TestNG.Practice.FetchData" name="fetchingData" time="0.004"/>
  <testcase classname="com.TestNG.Practice.FetchData" name="fetchingData" time="0.001"/>
  <testcase classname="com.TestNG.Practice.FetchData" name="fetchingData" time="0.000"/>
  <testcase classname="com.TestNG.Practice.FetchData" name="fetchingData" time="0.001"/>
</testsuite> <!-- com.TestNG.Practice.FetchData -->
