<?xml version="1.0" encoding="UTF-8"?>
<!-- Generated by org.testng.reporters.JUnitReportReporter -->
<testsuite hostname="Magic" failures="0" tests="4" name="com.TestNG.Practice.ChatTestNg_Pract" time="38.097" errors="0" timestamp="2023-08-06T15:28:40 IST" skipped="0">
  <testcase classname="com.TestNG.Practice.ChatTestNg_Pract" name="TestOnly" time="0.068"/>
  <testcase classname="com.TestNG.Practice.ChatTestNg_Pract" name="TestOnly" time="0.064"/>
  <testcase classname="com.TestNG.Practice.ChatTestNg_Pract" name="login" time="0.061"/>
  <testcase classname="com.TestNG.Practice.ChatTestNg_Pract" name="launchApp" time="37.904"/>
</testsuite> <!-- com.TestNG.Practice.ChatTestNg_Pract -->
