<?xml version="1.0" encoding="UTF-8"?>
<!-- Generated by org.testng.reporters.JUnitReportReporter -->
<testsuite hostname="Magic" failures="0" tests="1" name="com.hopestar.Clients.System_AddNominee_By_CLientStatus_Test" time="2.111" errors="0" timestamp="2023-08-09T17:39:16 IST" skipped="0">
  <testcase classname="com.hopestar.Clients.System_AddNominee_By_CLientStatus_Test" name="addNominee" time="2.111"/>
</testsuite> <!-- com.hopestar.Clients.System_AddNominee_By_CLientStatus_Test -->
