<?xml version="1.0" encoding="UTF-8"?>
<!-- Generated by org.testng.reporters.JUnitReportReporter -->
<testsuite hostname="Magic" failures="0" tests="2" name="com.TestNG.Practice.DataProviding" time="0.009" errors="0" timestamp="2023-08-04T13:24:54 IST" skipped="0">
  <testcase classname="com.TestNG.Practice.DataProviding" name="dataMethod" time="0.001"/>
  <testcase classname="com.TestNG.Practice.DataProviding" name="dataMethod" time="0.008"/>
</testsuite> <!-- com.TestNG.Practice.DataProviding -->
