<?xml version="1.0" encoding="UTF-8"?>
<!-- Generated by org.testng.reporters.JUnitReportReporter -->
<testsuite hostname="Magic" failures="0" tests="1" name="com.practice.BrokenLink_KALandRecord_Test" time="75.931" errors="0" timestamp="2023-08-09T19:16:54 IST" skipped="0">
  <testcase classname="com.practice.BrokenLink_KALandRecord_Test" name="method99" time="75.931"/>
</testsuite> <!-- com.practice.BrokenLink_KALandRecord_Test -->
