<?xml version="1.0" encoding="UTF-8"?>
<!-- Generated by org.testng.reporters.JUnitReportReporter -->
<testsuite hostname="Magic" failures="0" tests="2" name="com.TestNG.Practice.TestNGPractice__Test" time="0.000" errors="0" timestamp="2023-08-08T13:06:05 IST" skipped="0">
  <testcase classname="com.TestNG.Practice.TestNGPractice__Test" name="m3" time="0.000"/>
  <testcase classname="com.TestNG.Practice.TestNGPractice__Test" name="m4" time="0.000"/>
</testsuite> <!-- com.TestNG.Practice.TestNGPractice__Test -->
