<?xml version="1.0" encoding="UTF-8"?>
<!-- Generated by org.testng.reporters.JUnitReportReporter -->
<testsuite hostname="Magic" failures="0" tests="2" name="com.TestNG.Practice.TestNG_Group_exe" time="0.719" errors="0" timestamp="2023-08-10T09:45:42 IST" skipped="0">
  <testcase classname="com.TestNG.Practice.TestNG_Group_exe" name="method2" time="0.287"/>
  <testcase classname="com.TestNG.Practice.TestNG_Group_exe" name="method1" time="0.432"/>
</testsuite> <!-- com.TestNG.Practice.TestNG_Group_exe -->
