<?xml version="1.0" encoding="UTF-8"?>
<!-- Generated by org.testng.reporters.JUnitReportReporter -->
<testsuite hostname="Magic" failures="0" tests="4" name="com.TestNG.Practice.TestNG_Dataprovider_Excel_test" time="0.007" errors="0" timestamp="2023-08-10T10:36:25 IST" skipped="0">
  <testcase classname="com.TestNG.Practice.TestNG_Dataprovider_Excel_test" name="fetchDataExcel" time="0.001"/>
  <testcase classname="com.TestNG.Practice.TestNG_Dataprovider_Excel_test" name="fetchDataExcel" time="0.004"/>
  <testcase classname="com.TestNG.Practice.TestNG_Dataprovider_Excel_test" name="fetchDataExcel" time="0.001"/>
  <testcase classname="com.TestNG.Practice.TestNG_Dataprovider_Excel_test" name="fetchDataExcel" time="0.001"/>
</testsuite> <!-- com.TestNG.Practice.TestNG_Dataprovider_Excel_test -->
