<?xml version="1.0" encoding="UTF-8"?>
<!-- Generated by org.testng.reporters.JUnitReportReporter -->
<testsuite hostname="Magic" failures="0" tests="2" name="com.practice.DemoTest" time="0.004" errors="0" timestamp="2023-08-15T23:03:30 IST" skipped="0">
  <testcase classname="com.practice.DemoTest" name="testm1" time="0.000"/>
  <testcase classname="com.practice.DemoTest" name="testm1" time="0.004"/>
</testsuite> <!-- com.practice.DemoTest -->
