<?xml version="1.0" encoding="UTF-8"?>
<!-- Generated by org.testng.reporters.JUnitReportReporter -->
<testsuite hostname="Magic" failures="0" tests="4" name="com.TestNG.Practice.DataProvider_Excel" time="0.007" errors="0" timestamp="2023-08-04T16:25:29 IST" skipped="0">
  <testcase classname="com.TestNG.Practice.DataProvider_Excel" name="dataFetching" time="0.001"/>
  <testcase classname="com.TestNG.Practice.DataProvider_Excel" name="dataFetching" time="0.000"/>
  <testcase classname="com.TestNG.Practice.DataProvider_Excel" name="dataFetching" time="0.005"/>
  <testcase classname="com.TestNG.Practice.DataProvider_Excel" name="dataFetching" time="0.001"/>
</testsuite> <!-- com.TestNG.Practice.DataProvider_Excel -->
