<?xml version="1.0" encoding="UTF-8"?>
<!-- Generated by org.testng.reporters.JUnitReportReporter -->
<testsuite hostname="Magic" failures="0" tests="3" name="com.TestNG.Practice.Test_Practice_Test" time="27.418" errors="0" timestamp="2023-08-06T15:16:46 IST" skipped="0">
  <testcase classname="com.TestNG.Practice.Test_Practice_Test" name="TestOnly" time="0.069"/>
  <testcase classname="com.TestNG.Practice.Test_Practice_Test" name="TestOnly" time="0.082"/>
  <testcase classname="com.TestNG.Practice.Test_Practice_Test" name="launchApp" time="27.267"/>
</testsuite> <!-- com.TestNG.Practice.Test_Practice_Test -->
