<?xml version="1.0" encoding="UTF-8"?>
<!-- Generated by org.testng.reporters.JUnitReportReporter -->
<testsuite hostname="Magic" failures="0" tests="2" name="com.TestNG.Practice.Test_Test_Practice" time="0.007" errors="0" timestamp="2023-08-04T12:24:21 IST" skipped="0">
  <testcase classname="com.TestNG.Practice.Test_Test_Practice" name="Vehicle" time="0.006"/>
  <testcase classname="com.TestNG.Practice.Test_Test_Practice" name="v1" time="0.001"/>
</testsuite> <!-- com.TestNG.Practice.Test_Test_Practice -->
