<?xml version="1.0" encoding="UTF-8"?>
<!-- Generated by org.testng.reporters.JUnitReportReporter -->
<testsuite hostname="Magic" failures="0" tests="1" name="com.hopestar.Clients.Smoke_Client_Add_Test" time="5.095" errors="0" timestamp="2023-08-09T17:39:16 IST" skipped="0">
  <testcase classname="com.hopestar.Clients.Smoke_Client_Add_Test" name="clientAdd" time="5.095"/>
</testsuite> <!-- com.hopestar.Clients.Smoke_Client_Add_Test -->
