<?xml version="1.0" encoding="UTF-8"?>
<!-- Generated by org.testng.reporters.JUnitReportReporter -->
<testsuite hostname="Magic" failures="0" tests="2" name="com.TestNG.Practice.TestNG_AnnoTations_Test" time="0.667" errors="0" timestamp="2023-08-07T14:50:57 IST" skipped="0">
  <testcase classname="com.TestNG.Practice.TestNG_AnnoTations_Test" name="testMethod" time="0.368"/>
  <testcase classname="com.TestNG.Practice.TestNG_AnnoTations_Test" name="testMethod2" time="0.299"/>
</testsuite> <!-- com.TestNG.Practice.TestNG_AnnoTations_Test -->
