<?xml version="1.0" encoding="UTF-8"?>
<!-- Generated by org.testng.reporters.JUnitReportReporter -->
<testsuite hostname="Magic" failures="0" tests="1" name="com.hopestar.homepage.System_Clientstatus_From_Nominee_BySearch_Test" time="0.623" errors="0" timestamp="2023-08-09T17:39:16 IST" skipped="0">
  <testcase classname="com.hopestar.homepage.System_Clientstatus_From_Nominee_BySearch_Test" name="clientstatus_From_Nominee_BySearch" time="0.623"/>
</testsuite> <!-- com.hopestar.homepage.System_Clientstatus_From_Nominee_BySearch_Test -->
