<?xml version="1.0" encoding="UTF-8"?>
<!-- Generated by org.testng.reporters.JUnitReportReporter -->
<testsuite hostname="Magic" failures="0" tests="1" name="com.hopestar.Nominee.System_Edit_Client_By_Nominee_Test" time="1.372" errors="0" timestamp="2023-08-09T17:39:16 IST" skipped="0">
  <testcase classname="com.hopestar.Nominee.System_Edit_Client_By_Nominee_Test" name="edit_Client_By_Nominee" time="1.372"/>
</testsuite> <!-- com.hopestar.Nominee.System_Edit_Client_By_Nominee_Test -->
