<?xml version="1.0" encoding="UTF-8"?>
<!-- Generated by org.testng.reporters.JUnitReportReporter -->
<testsuite hostname="Magic" failures="0" tests="1" name="com.hopestar.Nominee.Smoke_FindClient_Status_ByNominee_Test" time="0.684" errors="0" timestamp="2023-08-09T17:39:16 IST" skipped="0">
  <testcase classname="com.hopestar.Nominee.Smoke_FindClient_Status_ByNominee_Test" name="findClient_Status_ByNominee" time="0.684"/>
</testsuite> <!-- com.hopestar.Nominee.Smoke_FindClient_Status_ByNominee_Test -->
