<?xml version="1.0" encoding="UTF-8"?>
<!-- Generated by org.testng.reporters.JUnitReportReporter -->
<testsuite hostname="Magic" failures="0" tests="1" name="com.practice.ExecuteFromCMD" time="2.607" errors="0" timestamp="28 Jul 2023 11:52:46 GMT" skipped="0">
  <testcase classname="com.practice.ExecuteFromCMD" name="execuete" time="2.607"/>
</testsuite> <!-- com.practice.ExecuteFromCMD -->
